<?xml version="1.0" encoding="UTF-8"?>
<testng-results ignored="0" total="1" passed="1" failed="0" skipped="0">
  <reporter-output>
  </reporter-output>
  <suite started-at="2024-03-22T10:46:08 IST" name="Suite" finished-at="2024-03-22T10:46:20 IST" duration-ms="12507">
    <groups>
    </groups>
    <test started-at="2024-03-22T10:46:08 IST" name="Test" finished-at="2024-03-22T10:46:20 IST" duration-ms="12507">
      <class name="testcases.LoginTestCases">
        <test-method signature="Login()[pri:0, instance:testcases.LoginTestCases@1fe20588]" started-at="2024-03-22T10:46:08 IST" name="Login" finished-at="2024-03-22T10:46:20 IST" duration-ms="12469" status="PASS">
          <reporter-output>
          </reporter-output>
        </test-method> <!-- Login -->
      </class> <!-- testcases.LoginTestCases -->
    </test> <!-- Test -->
  </suite> <!-- Suite -->
</testng-results>
