<?xml version="1.0" encoding="UTF-8"?>
<testng-results ignored="0" total="1" passed="1" failed="0" skipped="0">
  <reporter-output>
  </reporter-output>
  <suite started-at="2024-03-12T14:35:40 IST" name="Default suite" finished-at="2024-03-12T14:35:45 IST" duration-ms="5800">
    <groups>
    </groups>
    <test started-at="2024-03-12T14:35:40 IST" name="Default test" finished-at="2024-03-12T14:35:45 IST" duration-ms="5800">
      <class name="testcases.LoginTestCases">
        <test-method signature="Login()[pri:0, instance:testcases.LoginTestCases@729d991e]" started-at="2024-03-12T14:35:40 IST" name="Login" finished-at="2024-03-12T14:35:45 IST" duration-ms="5759" status="PASS">
          <reporter-output>
          </reporter-output>
        </test-method> <!-- Login -->
      </class> <!-- testcases.LoginTestCases -->
    </test> <!-- Default test -->
  </suite> <!-- Default suite -->
</testng-results>
